ATTENTION: default value of option mesa_glthread overridden by environment.
ATTENTION: default value of option mesa_glthread overridden by environment.
ATTENTION: default value of option mesa_glthread overridden by environment.
ATTENTION: default value of option mesa_glthread overridden by environment.
Invalid Context= "Legacy" line for icon theme:  "/usr/share/icons/Yaru/16x16/legacy/"
Invalid Context= "Legacy" line for icon theme:  "/usr/share/icons/Yaru/22x22/legacy/"
Invalid Context= "Legacy" line for icon theme:  "/usr/share/icons/Yaru/24x24/legacy/"
Invalid Context= "Legacy" line for icon theme:  "/usr/share/icons/Yaru/32x32/legacy/"
Invalid Context= "Legacy" line for icon theme:  "/usr/share/icons/Yaru/48x48/legacy/"
Invalid Context= "Apps" line for icon theme:  "/usr/share/icons/Yaru/256x256@2x/apps/"
Invalid Context= "Mimetypes" line for icon theme:  "/usr/share/icons/Yaru/256x256@2x/mimetypes/"
Invalid Context= "Mimetypes" line for icon theme:  "/usr/share/icons/Yaru/scalable/mimetypes/"
Invalid Context= "Legacy" line for icon theme:  "/usr/share/icons/Adwaita/8x8/legacy/"
Invalid Context= "Legacy" line for icon theme:  "/usr/share/icons/Adwaita/16x16/legacy/"
Invalid Context= "UI" line for icon theme:  "/usr/share/icons/Adwaita/16x16/ui/"
Invalid Context= "Legacy" line for icon theme:  "/usr/share/icons/Adwaita/22x22/legacy/"
Invalid Context= "Legacy" line for icon theme:  "/usr/share/icons/Adwaita/24x24/legacy/"
Invalid Context= "UI" line for icon theme:  "/usr/share/icons/Adwaita/24x24/ui/"
Invalid Context= "Legacy" line for icon theme:  "/usr/share/icons/Adwaita/32x32/legacy/"
Invalid Context= "UI" line for icon theme:  "/usr/share/icons/Adwaita/32x32/ui/"
Invalid Context= "Legacy" line for icon theme:  "/usr/share/icons/Adwaita/48x48/legacy/"
Invalid Context= "UI" line for icon theme:  "/usr/share/icons/Adwaita/48x48/ui/"
Invalid Context= "Legacy" line for icon theme:  "/usr/share/icons/Adwaita/64x64/legacy/"
Invalid Context= "UI" line for icon theme:  "/usr/share/icons/Adwaita/64x64/ui/"
Invalid Context= "Legacy" line for icon theme:  "/usr/share/icons/Adwaita/96x96/legacy/"
Invalid Context= "UI" line for icon theme:  "/usr/share/icons/Adwaita/96x96/ui/"
Invalid Context= "Legacy" line for icon theme:  "/usr/share/icons/Adwaita/256x256/legacy/"
Invalid Context= "Legacy" line for icon theme:  "/usr/share/icons/Adwaita/512x512/legacy/"
Invalid Context= "Legacy" line for icon theme:  "/usr/share/icons/Adwaita/scalable/legacy/"
Invalid Context= "UI" line for icon theme:  "/usr/share/icons/Adwaita/scalable/ui/"
ATTENTION: default value of option mesa_glthread overridden by environment.
Invalid Context= "Legacy" line for icon theme:  "/usr/share/icons/Yaru/16x16/legacy/"
Invalid Context= "Legacy" line for icon theme:  "/usr/share/icons/Yaru/22x22/legacy/"
Invalid Context= "Legacy" line for icon theme:  "/usr/share/icons/Yaru/24x24/legacy/"
Invalid Context= "Legacy" line for icon theme:  "/usr/share/icons/Yaru/32x32/legacy/"
Invalid Context= "Legacy" line for icon theme:  "/usr/share/icons/Yaru/48x48/legacy/"
Invalid Context= "Apps" line for icon theme:  "/usr/share/icons/Yaru/256x256@2x/apps/"
Invalid Context= "Mimetypes" line for icon theme:  "/usr/share/icons/Yaru/256x256@2x/mimetypes/"
Invalid Context= "Mimetypes" line for icon theme:  "/usr/share/icons/Yaru/scalable/mimetypes/"
Invalid Context= "Legacy" line for icon theme:  "/usr/share/icons/Adwaita/8x8/legacy/"
Invalid Context= "Legacy" line for icon theme:  "/usr/share/icons/Adwaita/16x16/legacy/"
Invalid Context= "UI" line for icon theme:  "/usr/share/icons/Adwaita/16x16/ui/"
Invalid Context= "Legacy" line for icon theme:  "/usr/share/icons/Adwaita/22x22/legacy/"
Invalid Context= "Legacy" line for icon theme:  "/usr/share/icons/Adwaita/24x24/legacy/"
Invalid Context= "UI" line for icon theme:  "/usr/share/icons/Adwaita/24x24/ui/"
Invalid Context= "Legacy" line for icon theme:  "/usr/share/icons/Adwaita/32x32/legacy/"
Invalid Context= "UI" line for icon theme:  "/usr/share/icons/Adwaita/32x32/ui/"
Invalid Context= "Legacy" line for icon theme:  "/usr/share/icons/Adwaita/48x48/legacy/"
Invalid Context= "UI" line for icon theme:  "/usr/share/icons/Adwaita/48x48/ui/"
Invalid Context= "Legacy" line for icon theme:  "/usr/share/icons/Adwaita/64x64/legacy/"
Invalid Context= "UI" line for icon theme:  "/usr/share/icons/Adwaita/64x64/ui/"
Invalid Context= "Legacy" line for icon theme:  "/usr/share/icons/Adwaita/96x96/legacy/"
Invalid Context= "UI" line for icon theme:  "/usr/share/icons/Adwaita/96x96/ui/"
Invalid Context= "Legacy" line for icon theme:  "/usr/share/icons/Adwaita/256x256/legacy/"
Invalid Context= "Legacy" line for icon theme:  "/usr/share/icons/Adwaita/512x512/legacy/"
Invalid Context= "Legacy" line for icon theme:  "/usr/share/icons/Adwaita/scalable/legacy/"
Invalid Context= "UI" line for icon theme:  "/usr/share/icons/Adwaita/scalable/ui/"
[2023-02-03T17:29:29Z ERROR viaduct::backend::ffi] Missing HTTP status
[2023-02-03T17:29:29Z ERROR viaduct::backend::ffi] Missing HTTP status
[2023-02-03T17:29:29Z ERROR viaduct::backend::ffi] Missing HTTP status
[2023-02-03T17:29:29Z ERROR viaduct::backend::ffi] Missing HTTP status
[2023-02-03T17:29:29Z ERROR viaduct::backend::ffi] Missing HTTP status
ATTENTION: default value of option mesa_glthread overridden by environment.
ATTENTION: default value of option mesa_glthread overridden by environment.
ATTENTION: default value of option mesa_glthread overridden by environment.
ATTENTION: default value of option mesa_glthread overridden by environment.
